<?xml version="1.0" encoding="UTF-8"?>
<!-- Generated by org.testng.reporters.JUnitXMLReporter -->
<testsuite hostname="LAPTOP-MLKHQJEV" name="Test" tests="30" failures="1" timestamp="23 Dec 2019 11:23:00 GMT" time="7.338" errors="0">
  <testcase name="Register" time="1.265" classname="com.lemon.testcaes.RegisterCase"/>
  <testcase name="Register" time="0.094" classname="com.lemon.testcaes.RegisterCase"/>
  <testcase name="Register" time="0.093" classname="com.lemon.testcaes.RegisterCase"/>
  <testcase name="Register" time="0.078" classname="com.lemon.testcaes.RegisterCase"/>
  <testcase name="Register" time="0.267" classname="com.lemon.testcaes.RegisterCase"/>
  <testcase name="Register" time="0.094" classname="com.lemon.testcaes.RegisterCase"/>
  <testcase name="login" time="0.078" classname="com.lemon.testcaes.LoginCase"/>
  <testcase name="login" time="0.085" classname="com.lemon.testcaes.LoginCase"/>
  <testcase name="login" time="0.213" classname="com.lemon.testcaes.LoginCase"/>
  <testcase name="login" time="0.214" classname="com.lemon.testcaes.LoginCase"/>
  <testcase name="login" time="0.216" classname="com.lemon.testcaes.LoginCase"/>
  <testcase name="configures" time="0.111" classname="com.lemon.testcaes.ConfiguresCase"/>
  <testcase name="configures" time="0.079" classname="com.lemon.testcaes.ConfiguresCase"/>
  <testcase name="configures" time="0.099" classname="com.lemon.testcaes.ConfiguresCase"/>
  <testcase name="configures" time="0.088" classname="com.lemon.testcaes.ConfiguresCase"/>
  <testcase name="configures" time="0.09" classname="com.lemon.testcaes.ConfiguresCase"/>
  <testcase name="configures" time="0.093" classname="com.lemon.testcaes.ConfiguresCase"/>
  <testcase name="project" time="0.173" classname="com.lemon.testcaes.ProjectsCase"/>
  <testcase name="project" time="0.079" classname="com.lemon.testcaes.ProjectsCase"/>
  <testcase name="project" time="0.118" classname="com.lemon.testcaes.ProjectsCase"/>
  <testcase name="project" time="0.092" classname="com.lemon.testcaes.ProjectsCase"/>
  <testcase name="project" time="0.126" classname="com.lemon.testcaes.ProjectsCase"/>
  <testcase name="project" time="0.159" classname="com.lemon.testcaes.ProjectsCase"/>
  <testcase name="createProject" time="0.094" classname="com.lemon.testcaes.CreateProjectCase"/>
  <testcase name="createProject" time="0.08" classname="com.lemon.testcaes.CreateProjectCase"/>
  <testcase name="createProject" time="0.083" classname="com.lemon.testcaes.CreateProjectCase"/>
  <testcase name="createProject" time="0.094" classname="com.lemon.testcaes.CreateProjectCase"/>
  <testcase name="createProject" time="0.094" classname="com.lemon.testcaes.CreateProjectCase"/>
  <testcase name="createProject" time="0.125" classname="com.lemon.testcaes.CreateProjectCase"/>
  <testcase name="createProject" time="0.13" classname="com.lemon.testcaes.CreateProjectCase">
    <failure type="java.lang.AssertionError" message="expected [Pass] but found [Fail]">
      <![CDATA[java.lang.AssertionError: expected [Pass] but found [Fail]
	at com.lemon.testcaes.CreateProjectCase.createProject(CreateProjectCase.java:47)
... Removed 33 stack frames]]>
    </failure>
  </testcase> <!-- createProject -->
</testsuite> <!-- Test -->
